<?xml version="1.0" encoding="utf-8"?><testsuites name="pytest tests"><testsuite name="pytest" errors="0" failures="0" skipped="0" tests="67" time="2.031" timestamp="2026-02-25T19:24:17.907128-08:00" hostname="CDNfortiStack"><testcase classname="testcases.test__205814" name="test__205814" file="testcases/test__205814.py" line="24" time="0.637"><properties><property name="execution_order" value="#1" /></properties></testcase><testcase classname="testcases.test__205817" name="test__205817" file="testcases/test__205817.py" line="24" time="0.005"><properties><property name="execution_order" value="#2" /></properties></testcase><testcase classname="testcases.test__735500" name="test__735500" file="testcases/test__735500.py" line="25" time="0.010"><properties><property name="execution_order" value="#3" /></properties></testcase><testcase classname="testcases.test__206005" name="test__206005" file="testcases/test__206005.py" line="24" time="0.005"><properties><property name="execution_order" value="#4" /></properties></testcase><testcase classname="testcases.test__205961" name="test__205961" file="testcases/test__205961.py" line="24" time="0.008"><properties><property name="execution_order" value="#5" /></properties></testcase><testcase classname="testcases.test__205972" name="test__205972" file="testcases/test__205972.py" line="24" time="0.010"><properties><property name="execution_order" value="#6" /></properties></testcase><testcase classname="testcases.test__797094" name="test__797094" file="testcases/test__797094.py" line="24" time="0.009"><properties><property name="execution_order" value="#7" /></properties></testcase><testcase classname="testcases.test__205996" name="test__205996" file="testcases/test__205996.py" line="24" time="0.007"><properties><property name="execution_order" value="#8" /></properties></testcase><testcase classname="testcases.test__741441" name="test__741441" file="testcases/test__741441.py" line="24" time="0.004"><properties><property name="execution_order" value="#9" /></properties></testcase><testcase classname="testcases.test__206058" name="test__206058" file="testcases/test__206058.py" line="24" time="0.009"><properties><property name="execution_order" value="#10" /></properties></testcase><testcase classname="testcases.test__801906" name="test__801906" file="testcases/test__801906.py" line="24" time="0.006"><properties><property name="execution_order" value="#11" /></properties></testcase><testcase classname="testcases.test__206075" name="test__206075" file="testcases/test__206075.py" line="24" time="0.008"><properties><property name="execution_order" value="#12" /></properties></testcase><testcase classname="testcases.test__205962" name="test__205962" file="testcases/test__205962.py" line="24" time="0.007"><properties><property name="execution_order" value="#13" /></properties></testcase><testcase classname="testcases.test__744714" name="test__744714" file="testcases/test__744714.py" line="24" time="0.011"><properties><property name="execution_order" value="#14" /></properties></testcase><testcase classname="testcases.test__711511" name="test__711511" file="testcases/test__711511.py" line="23" time="0.010"><properties><property name="execution_order" value="#15" /></properties></testcase><testcase classname="testcases.test__729742" name="test__729742" file="testcases/test__729742.py" line="24" time="0.008"><properties><property name="execution_order" value="#16" /></properties></testcase><testcase classname="testcases.test__729743" name="test__729743" file="testcases/test__729743.py" line="24" time="0.007"><properties><property name="execution_order" value="#17" /></properties></testcase><testcase classname="testcases.test__751046" name="test__751046" file="testcases/test__751046.py" line="24" time="0.009"><properties><property name="execution_order" value="#18" /></properties></testcase><testcase classname="testcases.test__751047" name="test__751047" file="testcases/test__751047.py" line="25" time="0.017"><properties><property name="execution_order" value="#19" /></properties></testcase><testcase classname="testcases.test__796399" name="test__796399" file="testcases/test__796399.py" line="24" time="0.006"><properties><property name="execution_order" value="#20" /></properties></testcase><testcase classname="testcases.test__796400" name="test__796400" file="testcases/test__796400.py" line="24" time="0.016"><properties><property name="execution_order" value="#21" /></properties></testcase><testcase classname="testcases.test__796402" name="test__796402" file="testcases/test__796402.py" line="25" time="0.014"><properties><property name="execution_order" value="#22" /></properties></testcase><testcase classname="testcases.test__796386" name="test__796386" file="testcases/test__796386.py" line="25" time="0.017"><properties><property name="execution_order" value="#23" /></properties></testcase><testcase classname="testcases.test__796389" name="test__796389" file="testcases/test__796389.py" line="25" time="0.017"><properties><property name="execution_order" value="#24" /></properties></testcase><testcase classname="testcases.test__796392" name="test__796392" file="testcases/test__796392.py" line="25" time="0.012"><properties><property name="execution_order" value="#25" /></properties></testcase><testcase classname="testcases.test__850613" name="test__850613" file="testcases/test__850613.py" line="25" time="0.010"><properties><property name="execution_order" value="#26" /></properties></testcase><testcase classname="testcases.test__877245" name="test__877245" file="testcases/test__877245.py" line="25" time="0.017"><properties><property name="execution_order" value="#27" /></properties></testcase><testcase classname="testcases.test__206036" name="test__206036" file="testcases/test__206036.py" line="24" time="0.004"><properties><property name="execution_order" value="#28" /></properties></testcase><testcase classname="testcases.test__729766" name="test__729766" file="testcases/test__729766.py" line="24" time="0.008"><properties><property name="execution_order" value="#29" /></properties></testcase><testcase classname="testcases.test__730347" name="test__730347" file="testcases/test__730347.py" line="24" time="0.011"><properties><property name="execution_order" value="#30" /></properties></testcase><testcase classname="testcases.test__744756" name="test__744756" file="testcases/test__744756.py" line="24" time="0.010"><properties><property name="execution_order" value="#31" /></properties></testcase><testcase classname="testcases.test__206024" name="test__206024" file="testcases/test__206024.py" line="24" time="0.014"><properties><property name="execution_order" value="#32" /></properties></testcase><testcase classname="testcases.test__744749" name="test__744749" file="testcases/test__744749.py" line="24" time="0.012"><properties><property name="execution_order" value="#33" /></properties></testcase><testcase classname="testcases.test__730261" name="test__730261" file="testcases/test__730261.py" line="24" time="0.020"><properties><property name="execution_order" value="#34" /></properties></testcase><testcase classname="testcases.test__781994" name="test__781994" file="testcases/test__781994.py" line="24" time="0.018"><properties><property name="execution_order" value="#35" /></properties></testcase><testcase classname="testcases.test__730265" name="test__730265" file="testcases/test__730265.py" line="24" time="0.011"><properties><property name="execution_order" value="#36" /></properties></testcase><testcase classname="testcases.test__730268" name="test__730268" file="testcases/test__730268.py" line="24" time="0.009"><properties><property name="execution_order" value="#37" /></properties></testcase><testcase classname="testcases.test__730278" name="test__730278" file="testcases/test__730278.py" line="24" time="0.010"><properties><property name="execution_order" value="#38" /></properties></testcase><testcase classname="testcases.test__205921" name="test__205921" file="testcases/test__205921.py" line="24" time="0.008"><properties><property name="execution_order" value="#39" /></properties></testcase><testcase classname="testcases.test__206022" name="test__206022" file="testcases/test__206022.py" line="24" time="0.017"><properties><property name="execution_order" value="#40" /></properties></testcase><testcase classname="testcases.test__826625" name="test__826625" file="testcases/test__826625.py" line="24" time="0.005"><properties><property name="execution_order" value="#41" /></properties></testcase><testcase classname="testcases.test__826626" name="test__826626" file="testcases/test__826626.py" line="25" time="0.012"><properties><property name="execution_order" value="#42" /></properties></testcase><testcase classname="testcases.test__821652" name="test__821652" file="testcases/test__821652.py" line="24" time="0.009"><properties><property name="execution_order" value="#43" /></properties></testcase><testcase classname="testcases.test__821653" name="test__821653" file="testcases/test__821653.py" line="25" time="0.012"><properties><property name="execution_order" value="#44" /></properties></testcase><testcase classname="testcases.test__749201" name="test__749201" file="testcases/test__749201.py" line="24" time="0.026"><properties><property name="execution_order" value="#45" /></properties></testcase><testcase classname="testcases.test__853435" name="test__853435" file="testcases/test__853435.py" line="24" time="0.011"><properties><property name="execution_order" value="#46" /></properties></testcase><testcase classname="testcases.test__946656" name="test__946656" file="testcases/test__946656.py" line="25" time="0.011"><properties><property name="execution_order" value="#47" /></properties></testcase><testcase classname="testcases.test__946659" name="test__946659" file="testcases/test__946659.py" line="25" time="0.013"><properties><property name="execution_order" value="#48" /></properties></testcase><testcase classname="testcases.test__946668" name="test__946668" file="testcases/test__946668.py" line="25" time="0.013"><properties><property name="execution_order" value="#49" /></properties></testcase><testcase classname="testcases.test__947031" name="test__947031" file="testcases/test__947031.py" line="24" time="0.008"><properties><property name="execution_order" value="#50" /></properties></testcase><testcase classname="testcases.test__947032" name="test__947032" file="testcases/test__947032.py" line="24" time="0.016"><properties><property name="execution_order" value="#51" /></properties></testcase><testcase classname="testcases.test__983978" name="test__983978" file="testcases/test__983978.py" line="25" time="0.010"><properties><property name="execution_order" value="#52" /></properties></testcase><testcase classname="testcases.test__983980" name="test__983980" file="testcases/test__983980.py" line="24" time="0.017"><properties><property name="execution_order" value="#53" /></properties></testcase><testcase classname="testcases.test__895490" name="test__895490" file="testcases/test__895490.py" line="24" time="0.007"><properties><property name="execution_order" value="#54" /></properties></testcase><testcase classname="testcases.test__895491" name="test__895491" file="testcases/test__895491.py" line="24" time="0.008"><properties><property name="execution_order" value="#55" /></properties></testcase><testcase classname="testcases.test__895492" name="test__895492" file="testcases/test__895492.py" line="24" time="0.006"><properties><property name="execution_order" value="#56" /></properties></testcase><testcase classname="testcases.test__895497" name="test__895497" file="testcases/test__895497.py" line="25" time="0.016"><properties><property name="execution_order" value="#57" /></properties></testcase><testcase classname="testcases.test__206088" name="test__206088" file="testcases/test__206088.py" line="24" time="0.010"><properties><property name="execution_order" value="#58" /></properties></testcase><testcase classname="testcases.test__206354" name="test__206354" file="testcases/test__206354.py" line="24" time="0.011"><properties><property name="execution_order" value="#59" /></properties></testcase><testcase classname="testcases.test__206031" name="test__206031" file="testcases/test__206031.py" line="24" time="0.010"><properties><property name="execution_order" value="#60" /></properties></testcase><testcase classname="testcases.test__729753" name="test__729753" file="testcases/test__729753.py" line="25" time="0.017"><properties><property name="execution_order" value="#61" /></properties></testcase><testcase classname="testcases.test__755618" name="test__755618" file="testcases/test__755618.py" line="24" time="0.018"><properties><property name="execution_order" value="#62" /></properties></testcase><testcase classname="testcases.test__741646" name="test__741646" file="testcases/test__741646.py" line="24" time="0.009"><properties><property name="execution_order" value="#63" /></properties></testcase><testcase classname="testcases.test__833686" name="test__833686" file="testcases/test__833686.py" line="24" time="0.007"><properties><property name="execution_order" value="#64" /></properties></testcase><testcase classname="testcases.test__755617" name="test__755617" file="testcases/test__755617.py" line="24" time="0.008"><properties><property name="execution_order" value="#65" /></properties></testcase><testcase classname="testcases.test__833690" name="test__833690" file="testcases/test__833690.py" line="24" time="0.007"><properties><property name="execution_order" value="#66" /></properties></testcase><testcase classname="testcases.test__819174" name="test__819174" file="testcases/test__819174.py" line="24" time="0.004"><properties><property name="execution_order" value="#67" /></properties></testcase></testsuite></testsuites>